  Processing .\X200ActiveX.idl
  X200ActiveX.idl
  Processing C:\Program Files (x86)\Windows Kits\10\Include\10.0.16299.0\um\oaidl.idl
  oaidl.idl
  Processing C:\Program Files (x86)\Windows Kits\10\Include\10.0.16299.0\um\objidl.idl
  objidl.idl
  Processing C:\Program Files (x86)\Windows Kits\10\Include\10.0.16299.0\um\unknwn.idl
  unknwn.idl
  Processing C:\Program Files (x86)\Windows Kits\10\Include\10.0.16299.0\shared\wtypes.idl
  wtypes.idl
  Processing C:\Program Files (x86)\Windows Kits\10\Include\10.0.16299.0\shared\wtypesbase.idl
  wtypesbase.idl
  Processing C:\Program Files (x86)\Windows Kits\10\Include\10.0.16299.0\shared\basetsd.h
  basetsd.h
  Processing C:\Program Files (x86)\Windows Kits\10\Include\10.0.16299.0\shared\guiddef.h
  guiddef.h
  Processing C:\Program Files (x86)\Windows Kits\10\Include\10.0.16299.0\um\oaidl.acf
  oaidl.acf
  stdafx.cpp
  AudioDecoder.cpp
f:\projects\x200activex\x200activex\include\libavutil\rational.h : warning C4819: 该文件包含不能在当前代码页(936)中表示的字符。请将该文件保存为 Unicode 格式以防止数据丢失
AudioDecoder.cpp(141): warning C4018: “>”: 有符号/无符号不匹配
  cJSON.cpp
cJSON.cpp(163): warning C4996: 'strcpy': This function or variable may be unsafe. Consider using strcpy_s instead. To disable deprecation, use _CRT_SECURE_NO_WARNINGS. See online help for details.
  C:\Program Files (x86)\Windows Kits\10\Include\10.0.16299.0\ucrt\string.h(132): note: 参见“strcpy”的声明
cJSON.cpp(169): warning C4996: 'sprintf': This function or variable may be unsafe. Consider using sprintf_s instead. To disable deprecation, use _CRT_SECURE_NO_WARNINGS. See online help for details.
  C:\Program Files (x86)\Windows Kits\10\Include\10.0.16299.0\ucrt\stdio.h(1772): note: 参见“sprintf”的声明
cJSON.cpp(177): warning C4996: 'sprintf': This function or variable may be unsafe. Consider using sprintf_s instead. To disable deprecation, use _CRT_SECURE_NO_WARNINGS. See online help for details.
  C:\Program Files (x86)\Windows Kits\10\Include\10.0.16299.0\ucrt\stdio.h(1772): note: 参见“sprintf”的声明
cJSON.cpp(178): warning C4996: 'sprintf': This function or variable may be unsafe. Consider using sprintf_s instead. To disable deprecation, use _CRT_SECURE_NO_WARNINGS. See online help for details.
  C:\Program Files (x86)\Windows Kits\10\Include\10.0.16299.0\ucrt\stdio.h(1772): note: 参见“sprintf”的声明
cJSON.cpp(179): warning C4996: 'sprintf': This function or variable may be unsafe. Consider using sprintf_s instead. To disable deprecation, use _CRT_SECURE_NO_WARNINGS. See online help for details.
  C:\Program Files (x86)\Windows Kits\10\Include\10.0.16299.0\ucrt\stdio.h(1772): note: 参见“sprintf”的声明
cJSON.cpp(272): warning C4996: 'strcpy': This function or variable may be unsafe. Consider using strcpy_s instead. To disable deprecation, use _CRT_SECURE_NO_WARNINGS. See online help for details.
  C:\Program Files (x86)\Windows Kits\10\Include\10.0.16299.0\ucrt\string.h(132): note: 参见“strcpy”的声明
cJSON.cpp(283): warning C4996: 'strcpy': This function or variable may be unsafe. Consider using strcpy_s instead. To disable deprecation, use _CRT_SECURE_NO_WARNINGS. See online help for details.
  C:\Program Files (x86)\Windows Kits\10\Include\10.0.16299.0\ucrt\string.h(132): note: 参见“strcpy”的声明
cJSON.cpp(309): warning C4996: 'sprintf': This function or variable may be unsafe. Consider using sprintf_s instead. To disable deprecation, use _CRT_SECURE_NO_WARNINGS. See online help for details.
  C:\Program Files (x86)\Windows Kits\10\Include\10.0.16299.0\ucrt\stdio.h(1772): note: 参见“sprintf”的声明
cJSON.cpp(388): warning C4996: 'strcpy': This function or variable may be unsafe. Consider using strcpy_s instead. To disable deprecation, use _CRT_SECURE_NO_WARNINGS. See online help for details.
  C:\Program Files (x86)\Windows Kits\10\Include\10.0.16299.0\ucrt\string.h(132): note: 参见“strcpy”的声明
cJSON.cpp(389): warning C4996: 'strcpy': This function or variable may be unsafe. Consider using strcpy_s instead. To disable deprecation, use _CRT_SECURE_NO_WARNINGS. See online help for details.
  C:\Program Files (x86)\Windows Kits\10\Include\10.0.16299.0\ucrt\string.h(132): note: 参见“strcpy”的声明
cJSON.cpp(390): warning C4996: 'strcpy': This function or variable may be unsafe. Consider using strcpy_s instead. To disable deprecation, use _CRT_SECURE_NO_WARNINGS. See online help for details.
  C:\Program Files (x86)\Windows Kits\10\Include\10.0.16299.0\ucrt\string.h(132): note: 参见“strcpy”的声明
cJSON.cpp(457): warning C4996: 'strcpy': This function or variable may be unsafe. Consider using strcpy_s instead. To disable deprecation, use _CRT_SECURE_NO_WARNINGS. See online help for details.
  C:\Program Files (x86)\Windows Kits\10\Include\10.0.16299.0\ucrt\string.h(132): note: 参见“strcpy”的声明
cJSON.cpp(655): warning C4996: 'strcpy': This function or variable may be unsafe. Consider using strcpy_s instead. To disable deprecation, use _CRT_SECURE_NO_WARNINGS. See online help for details.
  C:\Program Files (x86)\Windows Kits\10\Include\10.0.16299.0\ucrt\string.h(132): note: 参见“strcpy”的声明
  DisplayWindow.cpp
f:\projects\x200activex\x200activex\include\libavutil\rational.h : warning C4819: 该文件包含不能在当前代码页(936)中表示的字符。请将该文件保存为 Unicode 格式以防止数据丢失
  Tools.cpp
  UdpDataStruct.cpp
  VideoDecoder.cpp
f:\projects\x200activex\x200activex\include\libavutil\rational.h : warning C4819: 该文件包含不能在当前代码页(936)中表示的字符。请将该文件保存为 Unicode 格式以防止数据丢失
  VideoDlg.cpp
f:\projects\x200activex\x200activex\include\libavutil\rational.h : warning C4819: 该文件包含不能在当前代码页(936)中表示的字符。请将该文件保存为 Unicode 格式以防止数据丢失
VideoDlg.cpp(70): warning C4996: 'strcpy': This function or variable may be unsafe. Consider using strcpy_s instead. To disable deprecation, use _CRT_SECURE_NO_WARNINGS. See online help for details.
  C:\Program Files (x86)\Windows Kits\10\Include\10.0.16299.0\ucrt\string.h(132): note: 参见“strcpy”的声明
VideoDlg.cpp(159): warning C4996: 'strcpy': This function or variable may be unsafe. Consider using strcpy_s instead. To disable deprecation, use _CRT_SECURE_NO_WARNINGS. See online help for details.
  C:\Program Files (x86)\Windows Kits\10\Include\10.0.16299.0\ucrt\string.h(132): note: 参见“strcpy”的声明
VideoDlg.cpp(160): warning C4267: “+=”: 从“size_t”转换到“UINT16”，可能丢失数据
VideoDlg.cpp(183): warning C4267: “+=”: 从“size_t”转换到“UINT16”，可能丢失数据
VideoDlg.cpp(194): warning C4996: 'strcpy': This function or variable may be unsafe. Consider using strcpy_s instead. To disable deprecation, use _CRT_SECURE_NO_WARNINGS. See online help for details.
  C:\Program Files (x86)\Windows Kits\10\Include\10.0.16299.0\ucrt\string.h(132): note: 参见“strcpy”的声明
VideoDlg.cpp(195): warning C4267: “+=”: 从“size_t”转换到“UINT16”，可能丢失数据
VideoDlg.cpp(210): warning C4267: “+=”: 从“size_t”转换到“UINT16”，可能丢失数据
VideoDlg.cpp(221): warning C4996: 'strcpy': This function or variable may be unsafe. Consider using strcpy_s instead. To disable deprecation, use _CRT_SECURE_NO_WARNINGS. See online help for details.
  C:\Program Files (x86)\Windows Kits\10\Include\10.0.16299.0\ucrt\string.h(132): note: 参见“strcpy”的声明
VideoDlg.cpp(222): warning C4267: “+=”: 从“size_t”转换到“UINT16”，可能丢失数据
VideoDlg.cpp(231): warning C4996: 'sprintf': This function or variable may be unsafe. Consider using sprintf_s instead. To disable deprecation, use _CRT_SECURE_NO_WARNINGS. See online help for details.
  C:\Program Files (x86)\Windows Kits\10\Include\10.0.16299.0\ucrt\stdio.h(1772): note: 参见“sprintf”的声明
VideoDlg.cpp(242): warning C4996: 'sprintf': This function or variable may be unsafe. Consider using sprintf_s instead. To disable deprecation, use _CRT_SECURE_NO_WARNINGS. See online help for details.
  C:\Program Files (x86)\Windows Kits\10\Include\10.0.16299.0\ucrt\stdio.h(1772): note: 参见“sprintf”的声明
VideoDlg.cpp(272): warning C4244: “参数”: 从“double”转换到“int”，可能丢失数据
VideoDlg.cpp(279): warning C4244: “参数”: 从“double”转换到“int”，可能丢失数据
VideoDlg.cpp(291): warning C4244: “参数”: 从“double”转换到“int”，可能丢失数据
VideoDlg.cpp(309): warning C4244: “参数”: 从“double”转换到“int”，可能丢失数据
VideoDlg.cpp(352): warning C4996: 'inet_addr': Use inet_pton() or InetPton() instead or define _WINSOCK_DEPRECATED_NO_WARNINGS to disable deprecated API warnings
  C:\Program Files (x86)\Windows Kits\10\Include\10.0.16299.0\um\WinSock2.h(1830): note: 参见“inet_addr”的声明
VideoDlg.cpp(370): warning C4996: 'sprintf': This function or variable may be unsafe. Consider using sprintf_s instead. To disable deprecation, use _CRT_SECURE_NO_WARNINGS. See online help for details.
  C:\Program Files (x86)\Windows Kits\10\Include\10.0.16299.0\ucrt\stdio.h(1772): note: 参见“sprintf”的声明
VideoDlg.cpp(396): warning C4996: 'inet_addr': Use inet_pton() or InetPton() instead or define _WINSOCK_DEPRECATED_NO_WARNINGS to disable deprecated API warnings
  C:\Program Files (x86)\Windows Kits\10\Include\10.0.16299.0\um\WinSock2.h(1830): note: 参见“inet_addr”的声明
VideoDlg.cpp(414): warning C4996: 'sprintf': This function or variable may be unsafe. Consider using sprintf_s instead. To disable deprecation, use _CRT_SECURE_NO_WARNINGS. See online help for details.
  C:\Program Files (x86)\Windows Kits\10\Include\10.0.16299.0\ucrt\stdio.h(1772): note: 参见“sprintf”的声明
VideoDlg.cpp(494): warning C4996: 'inet_addr': Use inet_pton() or InetPton() instead or define _WINSOCK_DEPRECATED_NO_WARNINGS to disable deprecated API warnings
  C:\Program Files (x86)\Windows Kits\10\Include\10.0.16299.0\um\WinSock2.h(1830): note: 参见“inet_addr”的声明
  VideoScreen.cpp
  VideoStatic.cpp
  X200ActiveX.cpp
  X200ActiveXCtrl.cpp
f:\projects\x200activex\x200activex\include\libavutil\rational.h : warning C4819: 该文件包含不能在当前代码页(936)中表示的字符。请将该文件保存为 Unicode 格式以防止数据丢失
  X200ActiveXPropPage.cpp
    正在创建库 F:\Projects\X200ActiveX\Release\X200ActiveX.lib 和对象 F:\Projects\X200ActiveX\Release\X200ActiveX.exp
  正在生成代码
  All 630 functions were compiled because no usable IPDB/IOBJ from previous compilation was found.
  已完成代码的生成
  X200ActiveX.vcxproj -> F:\Projects\X200ActiveX\Release\X200ActiveX.ocx
