f:\projects\x200activex\x200activex\release\x200activex.pch
f:\projects\x200activex\x200activex\release\vc141.pdb
f:\projects\x200activex\x200activex\release\stdafx.obj
f:\projects\x200activex\x200activex\release\x200activexproppage.obj
f:\projects\x200activex\x200activex\release\x200activexctrl.obj
f:\projects\x200activex\x200activex\release\x200activex.obj
f:\projects\x200activex\x200activex\release\videostatic.obj
f:\projects\x200activex\x200activex\release\videoscreen.obj
f:\projects\x200activex\x200activex\release\videodlg.obj
f:\projects\x200activex\x200activex\release\videodecoder.obj
f:\projects\x200activex\x200activex\release\udpdatastruct.obj
f:\projects\x200activex\x200activex\release\tools.obj
f:\projects\x200activex\x200activex\release\displaywindow.obj
f:\projects\x200activex\x200activex\release\cjson.obj
f:\projects\x200activex\x200activex\release\audiodecoder.obj
f:\projects\x200activex\release\x200activex.ocx
f:\projects\x200activex\release\x200activex.pdb
f:\projects\x200activex\x200activex\release\x200activex.tlb
f:\projects\x200activex\x200activex\x200activex_i.c
f:\projects\x200activex\x200activex\x200activexidl.h
f:\projects\x200activex\x200activex\release\x200activex.res
f:\projects\x200activex\release\x200activex.lib
f:\projects\x200activex\release\x200activex.exp
f:\projects\x200activex\release\x200activex.ipdb
f:\projects\x200activex\release\x200activex.iobj
f:\projects\x200activex\x200activex\release\x200activex.tlog\cl.command.1.tlog
f:\projects\x200activex\x200activex\release\x200activex.tlog\cl.read.1.tlog
f:\projects\x200activex\x200activex\release\x200activex.tlog\cl.write.1.tlog
f:\projects\x200activex\x200activex\release\x200activex.tlog\link.command.1.tlog
f:\projects\x200activex\x200activex\release\x200activex.tlog\link.read.1.tlog
f:\projects\x200activex\x200activex\release\x200activex.tlog\link.write.1.tlog
f:\projects\x200activex\x200activex\release\x200activex.tlog\midl.command.1.tlog
f:\projects\x200activex\x200activex\release\x200activex.tlog\midl.read.1.tlog
f:\projects\x200activex\x200activex\release\x200activex.tlog\midl.write.1.tlog
f:\projects\x200activex\x200activex\release\x200activex.tlog\rc.command.1.tlog
f:\projects\x200activex\x200activex\release\x200activex.tlog\rc.read.1.tlog
f:\projects\x200activex\x200activex\release\x200activex.tlog\rc.write.1.tlog
f:\projects\x200activex\x200activex\release\x200activex.tlog\x200activex.write.1u.tlog
