f:\projects\x200activex\x200activex\debug\x200activex.pch
f:\projects\x200activex\x200activex\debug\vc141.pdb
f:\projects\x200activex\x200activex\debug\vc141.idb
f:\projects\x200activex\x200activex\debug\stdafx.obj
f:\projects\x200activex\x200activex\debug\audiodecoder.obj
f:\projects\x200activex\x200activex\debug\cjson.obj
f:\projects\x200activex\x200activex\debug\displaywindow.obj
f:\projects\x200activex\x200activex\debug\tools.obj
f:\projects\x200activex\x200activex\debug\udpdatastruct.obj
f:\projects\x200activex\x200activex\debug\videodecoder.obj
f:\projects\x200activex\x200activex\debug\videodlg.obj
f:\projects\x200activex\x200activex\debug\videoscreen.obj
f:\projects\x200activex\x200activex\debug\videostatic.obj
f:\projects\x200activex\x200activex\debug\x200activex.obj
f:\projects\x200activex\x200activex\debug\x200activexctrl.obj
f:\projects\x200activex\x200activex\debug\x200activexproppage.obj
f:\projects\x200activex\debug\x200activex.ocx
f:\projects\x200activex\debug\x200activex.ilk
f:\projects\x200activex\debug\x200activex.pdb
f:\projects\x200activex\x200activex\debug\x200activex.tlb
f:\projects\x200activex\x200activex\x200activex_i.c
f:\projects\x200activex\x200activex\x200activexidl.h
f:\projects\x200activex\x200activex\debug\x200activex.res
f:\projects\x200activex\debug\x200activex.lib
f:\projects\x200activex\debug\x200activex.exp
f:\projects\x200activex\x200activex\debug\x200activex.tlog\cl.command.1.tlog
f:\projects\x200activex\x200activex\debug\x200activex.tlog\cl.read.1.tlog
f:\projects\x200activex\x200activex\debug\x200activex.tlog\cl.write.1.tlog
f:\projects\x200activex\x200activex\debug\x200activex.tlog\link.command.1.tlog
f:\projects\x200activex\x200activex\debug\x200activex.tlog\link.read.1.tlog
f:\projects\x200activex\x200activex\debug\x200activex.tlog\link.write.1.tlog
f:\projects\x200activex\x200activex\debug\x200activex.tlog\midl.command.1.tlog
f:\projects\x200activex\x200activex\debug\x200activex.tlog\midl.read.1.tlog
f:\projects\x200activex\x200activex\debug\x200activex.tlog\midl.write.1.tlog
f:\projects\x200activex\x200activex\debug\x200activex.tlog\rc.command.1.tlog
f:\projects\x200activex\x200activex\debug\x200activex.tlog\rc.read.1.tlog
f:\projects\x200activex\x200activex\debug\x200activex.tlog\rc.write.1.tlog
f:\projects\x200activex\x200activex\debug\x200activex.tlog\x200activex.write.1u.tlog
