  64 bit Processing .\X200ActiveX.idl
  X200ActiveX.idl
  64 bit Processing C:\Program Files (x86)\Windows Kits\10\Include\10.0.16299.0\um\oaidl.idl
  oaidl.idl
  64 bit Processing C:\Program Files (x86)\Windows Kits\10\Include\10.0.16299.0\um\objidl.idl
  objidl.idl
  64 bit Processing C:\Program Files (x86)\Windows Kits\10\Include\10.0.16299.0\um\unknwn.idl
  unknwn.idl
  64 bit Processing C:\Program Files (x86)\Windows Kits\10\Include\10.0.16299.0\shared\wtypes.idl
  wtypes.idl
  64 bit Processing C:\Program Files (x86)\Windows Kits\10\Include\10.0.16299.0\shared\wtypesbase.idl
  wtypesbase.idl
  64 bit Processing C:\Program Files (x86)\Windows Kits\10\Include\10.0.16299.0\shared\basetsd.h
  basetsd.h
  64 bit Processing C:\Program Files (x86)\Windows Kits\10\Include\10.0.16299.0\shared\guiddef.h
  guiddef.h
  64 bit Processing C:\Program Files (x86)\Windows Kits\10\Include\10.0.16299.0\um\oaidl.acf
  oaidl.acf
  stdafx.cpp
  X200ActiveXPropPage.cpp
  X200ActiveXCtrl.cpp
f:\projects\x200activex\x200activex\audiodecoder.h(4): fatal error C1083: 无法打开包括文件: “libavcodec\avcodec.h”: No such file or directory
  X200ActiveX.cpp
  VideoStatic.cpp
  VideoScreen.cpp
f:\projects\x200activex\x200activex\videoscreen.h(3): fatal error C1083: 无法打开包括文件: “SDL.h”: No such file or directory
  VideoDlg.cpp
f:\projects\x200activex\x200activex\audiodecoder.h(4): fatal error C1083: 无法打开包括文件: “libavcodec\avcodec.h”: No such file or directory
  VideoDecoder.cpp
f:\projects\x200activex\x200activex\videodecoder.h(4): fatal error C1083: 无法打开包括文件: “libavcodec\avcodec.h”: No such file or directory
  UdpDataStruct.cpp
  Tools.cpp
  DisplayWindow.cpp
f:\projects\x200activex\x200activex\videodecoder.h(4): fatal error C1083: 无法打开包括文件: “libavcodec\avcodec.h”: No such file or directory
  cJSON.cpp
f:\projects\x200activex\x200activex\cjson.cpp(36): fatal error C1083: 无法打开包括文件: “cJSON.hpp”: No such file or directory
  AudioDecoder.cpp
f:\projects\x200activex\x200activex\audiodecoder.h(4): fatal error C1083: 无法打开包括文件: “libavcodec\avcodec.h”: No such file or directory
  正在生成代码...
